<?xml version="1.0" encoding="UTF-8"?>
<!-- Generated by org.testng.reporters.JUnitReportReporter -->
<testsuite hostname="Radhakrishnan" failures="0" tests="1" name="runner.MyRunner" time="29.751" errors="0" timestamp="2024-04-09T16:00:00 IST" skipped="0">
  <testcase classname="runner.MyRunner" name="runScenario" time="29.751"/>
</testsuite> <!-- runner.MyRunner -->
