<?xml version="1.0" encoding="UTF-8"?>
<!-- Generated by org.testng.reporters.JUnitReportReporter -->
<testsuite hostname="Jayakumar" failures="0" tests="1" name="SeleniumAdvanced.HyperLink" time="7.229" errors="0" timestamp="2024-03-13T16:26:12 IST" skipped="0">
  <testcase classname="SeleniumAdvanced.HyperLink" name="playWithHyperLinks" time="7.229"/>
  <system-out/>
</testsuite> <!-- SeleniumAdvanced.HyperLink -->
