<?xml version="1.0" encoding="UTF-8"?>
<!-- Generated by org.testng.reporters.JUnitReportReporter -->
<testsuite hostname="Jayakumar" failures="0" tests="1" name="SeleniumAdvanced.ImageExamples" time="3.985" errors="0" timestamp="2024-03-12T18:52:18 IST" skipped="0">
  <testcase classname="SeleniumAdvanced.ImageExamples" name="checkBrokenImage" time="3.985"/>
  <system-out/>
</testsuite> <!-- SeleniumAdvanced.ImageExamples -->
