<?xml version="1.0" encoding="UTF-8"?>
<!-- Generated by org.testng.reporters.JUnitReportReporter -->
<testsuite hostname="Jayakumar" failures="0" tests="1" name="SeleniumAdvanced.DownloadFile" time="7.319" errors="0" timestamp="2024-03-11T16:12:24 IST" skipped="0">
  <testcase classname="SeleniumAdvanced.DownloadFile" name="fileUpload" time="7.319"/>
  <system-out/>
</testsuite> <!-- SeleniumAdvanced.DownloadFile -->
