<?xml version="1.0" encoding="UTF-8"?>
<!-- Generated by org.testng.reporters.JUnitReportReporter -->
<testsuite hostname="Jayakumar" failures="0" tests="1" name="SeleniumAdvanced.WorkingWithDynamicTables" time="4.439" errors="0" timestamp="2024-03-13T19:26:32 IST" skipped="0">
  <testcase classname="SeleniumAdvanced.WorkingWithDynamicTables" name="tableExample" time="4.439"/>
  <system-out/>
</testsuite> <!-- SeleniumAdvanced.WorkingWithDynamicTables -->
