<?xml version="1.0" encoding="UTF-8"?>
<!-- Generated by org.testng.reporters.JUnitReportReporter -->
<testsuite hostname="Jayakumar" failures="0" tests="1" name="SeleniumAdvanced.UploadFileExample" time="10.637" errors="0" timestamp="2024-03-12T16:22:46 IST" skipped="0">
  <testcase classname="SeleniumAdvanced.UploadFileExample" name="fileUpload" time="10.637"/>
  <system-out/>
</testsuite> <!-- SeleniumAdvanced.UploadFileExample -->
